<?xml version="1.0" encoding="UTF-8"?>
<!-- Generated by org.testng.reporters.JUnitXMLReporter -->
<testsuite hostname="Srinivas" name="Default test" tests="5" failures="0" timestamp="1 Feb 2018 14:13:48 GMT" time="64.94" errors="0">
  <testcase name="advertiserRegistration" time="7.107" classname="com.Vizibl.Testcases.Registration"/>
  <testcase name="advertiserRegistration" time="8.329" classname="com.Vizibl.Testcases.Registration"/>
  <testcase name="advertiserRegistration" time="9.891" classname="com.Vizibl.Testcases.Registration"/>
  <testcase name="advertiserRegistration" time="8.93" classname="com.Vizibl.Testcases.Registration"/>
  <testcase name="advertiserRegistration" time="7.94" classname="com.Vizibl.Testcases.Registration"/>
</testsuite> <!-- Default test -->
