<?xml version="1.0" encoding="UTF-8"?>
<!-- Generated by org.testng.reporters.JUnitXMLReporter -->
<testsuite hostname="Srinivas" failures="0" tests="11" name="Test" time="182.473" errors="0" timestamp="16 Jan 2018 11:33:29 GMT">
  <testcase classname="ViziblAdmin.Testcases.ForgetPassword" name="forgotPassword" time="4.314"/>
  <testcase classname="ViziblAdmin.Testcases.ForgetPassword" name="forgotPassword" time="4.074"/>
  <testcase classname="ViziblAdmin.Testcases.ForgetPassword" name="forgotPassword" time="3.998"/>
  <testcase classname="ViziblAdmin.Testcases.Registration" name="advertiserRegistration" time="11.387"/>
  <testcase classname="ViziblAdmin.Testcases.ChangePassword" name="changePassword" time="2.572"/>
  <testcase classname="ViziblAdmin.Testcases.ChangePassword" name="changePassword" time="1.59"/>
  <testcase classname="ViziblAdmin.Testcases.LoginPage" name="invalidLogin" time="12.824"/>
  <testcase classname="ViziblAdmin.Testcases.LoginPage" name="invalidLogin" time="12.303"/>
  <testcase classname="ViziblAdmin.Testcases.LoginPage" name="invalidLogin" time="16.693"/>
  <testcase classname="ViziblAdmin.Testcases.LoginPage" name="invalidLogin" time="12.206"/>
  <testcase classname="ViziblAdmin.Testcases.LoginPage" name="invalidLogin" time="0.027"/>
</testsuite> <!-- Test -->
