<?xml version="1.0" encoding="UTF-8"?>
<!-- Generated by org.testng.reporters.JUnitXMLReporter -->
<testsuite hostname="Srinivas" name="Test" tests="24" failures="1" timestamp="9 Feb 2018 12:45:43 GMT" time="356.685" errors="0">
  <testcase name="adminLogin" time="6.062" classname="com.Vizibl.Testcases.LoginPage"/>
  <testcase name="adminLogin" time="4.616" classname="com.Vizibl.Testcases.LoginPage"/>
  <testcase name="adminLogin" time="8.935" classname="com.Vizibl.Testcases.LoginPage"/>
  <testcase name="adminLogin" time="8.226" classname="com.Vizibl.Testcases.LoginPage"/>
  <testcase name="rememberMe" time="5.419" classname="com.Vizibl.Testcases.LoginPage"/>
  <testcase name="advertiserRegistration" time="35.052" classname="com.Vizibl.Testcases.Registration"/>
  <testcase name="advertiserRegistration" time="11.17" classname="com.Vizibl.Testcases.Registration"/>
  <testcase name="advertiserRegistration" time="32.473" classname="com.Vizibl.Testcases.Registration"/>
  <testcase name="advertiserRegistration" time="11.686" classname="com.Vizibl.Testcases.Registration"/>
  <testcase name="verfyingUserAccountInAdvertisers" time="36.035" classname="com.Vizibl.Testcases.Registration"/>
  <testcase name="clienttype" time="0.798" classname="com.Vizibl.ui.Registration"/>
  <testcase name="selectCountry" time="0.738" classname="com.Vizibl.ui.Registration"/>
  <testcase name="invalidForgetPassword" time="5.629" classname="com.Vizibl.Testcases.ForgetPassword"/>
  <testcase name="invalidForgetPassword" time="4.682" classname="com.Vizibl.Testcases.ForgetPassword"/>
  <testcase name="invalidForgetPassword" time="4.667" classname="com.Vizibl.Testcases.ForgetPassword"/>
  <testcase name="validForgetPassword" time="4.532" classname="com.Vizibl.Testcases.ForgetPassword"/>
  <testcase name="changePassword" time="5.031" classname="com.Vizibl.Testcases.ChangePassword"/>
  <testcase name="changePassword" time="4.154" classname="com.Vizibl.Testcases.ChangePassword"/>
  <testcase name="changePassword" time="4.382" classname="com.Vizibl.Testcases.ChangePassword"/>
  <testcase name="changePassword" time="4.383" classname="com.Vizibl.Testcases.ChangePassword"/>
  <testcase name="changePassword" time="4.129" classname="com.Vizibl.Testcases.ChangePassword"/>
  <testcase name="changePassword" time="4.197" classname="com.Vizibl.Testcases.ChangePassword"/>
  <testcase name="validChangePassword" time="27.138" classname="com.Vizibl.Testcases.ChangePassword"/>
  <testcase name="forgetPassword_AfterChangingPassword" time="9.13" classname="com.Vizibl.Testcases.loginAfter_ForgetPassword_AfterChangingPassword">
    <failure type="java.lang.AssertionError" message="expected [true] but found [false]">
      <![CDATA[java.lang.AssertionError: expected [true] but found [false]
	at com.Vizibl.Testcases.loginAfter_ForgetPassword_AfterChangingPassword.forgetPassword_AfterChangingPassword(loginAfter_ForgetPassword_AfterChangingPassword.java:39)
... Removed 28 stack frames]]>
    </failure>
  </testcase> <!-- forgetPassword_AfterChangingPassword -->
</testsuite> <!-- Test -->
